Case #1: 5 8
Case #2: 9 13
Case #3: 7 7
Case #4: 1 2
Case #5: 12 8
Case #6: 1 5
Case #7: 22 77
Case #8: 14 18
Case #9: 8 31
Case #10: 5 21
Case #11: 1 6
Case #12: 10 12
Case #13: 1 5
Case #14: 11 4
Case #15: 5 9
Case #16: 1 0
Case #17: 7 10
Case #18: 36 14
Case #19: 4 43
Case #20: 9777 3
Case #21: 37 3
Case #22: 6 10
Case #23: 11 1
Case #24: 6 0
Case #25: 23 17
Case #26: 34 25
Case #27: 18 13
Case #28: 14 97
Case #29: 3 0
Case #30: 2 32
Case #31: 56345 1
Case #32: 16 9
Case #33: 32 25
Case #34: 19 32
Case #35: 6 1
Case #36: 3 55
Case #37: 1 31
Case #38: 3 12
Case #39: 10 15
Case #40: 2 5
Case #41: 31 2
Case #42: 3 5
Case #43: 29 3
Case #44: 33 15
Case #45: 8 162
Case #46: 9 64
Case #47: 11 15
Case #48: 9 63
Case #49: 7 34
Case #50: 28 18
Case #51: 26 11
Case #52: 3 21
Case #53: 7 98
Case #54: 26 4
Case #55: 11 41
Case #56: 1 48
Case #57: 1 609
Case #58: 22 47
Case #59: 7 1
Case #60: 33 14
Case #61: 9 14
Case #62: 2 163
Case #63: 19 8
Case #64: 23 57
Case #65: 27 74
Case #66: 16 4
Case #67: 1 63
Case #68: 3 36
Case #69: 6 11
Case #70: 3 4
Case #71: 3 5
Case #72: 6 11
Case #73: 1 150
Case #74: 7 5
Case #75: 33381 1
Case #76: 138399 0
Case #77: 4 5
Case #78: 1 2
Case #79: 16 13
Case #80: 24 15
Case #81: 26 2
Case #82: 6 30
Case #83: 67471 1
Case #84: 6 25
Case #85: 40924 1
